2023-11-20 10:36:50.910 [main] INFO  wo.external.Main - Convert Ip address to location: Start!
2023-11-20 10:36:50.913 [main] INFO  wo.external.Main - Convert Ip address to location: Input file = D:/Java/IP_LIST.xlsx
2023-11-20 10:36:50.913 [main] INFO  wo.external.Main - Convert Ip address to location: Output file = D:/Java/output.xlsx
2023-11-20 10:36:55.629 [main] INFO  wo.external.Main - Convert Ip address to location: Start reading file: D:/Java/IP_LIST.xlsx
2023-11-20 10:36:55.744 [main] DEBUG org.apache.poi.openxml4j.opc.PackageRelationshipCollection - Parsing relationship: /xl/_rels/workbook.xml.rels
2023-11-20 10:36:55.747 [main] DEBUG org.apache.poi.openxml4j.opc.PackageRelationshipCollection - Parsing relationship: /_rels/.rels
2023-11-20 10:37:00.925 [main] INFO  wo.external.Main - Convert Ip address to location: Start writing to file: D:/Java/output.xlsx
2023-11-20 10:37:00.962 [main] DEBUG org.apache.poi.openxml4j.opc.ZipPackage - Save content types part
2023-11-20 10:37:01.000 [main] DEBUG org.apache.poi.openxml4j.opc.ZipPackage - Save package relationships
2023-11-20 10:37:01.003 [main] DEBUG org.apache.poi.openxml4j.opc.ZipPackage - Save part 'docProps/app.xml'
2023-11-20 10:37:01.003 [main] DEBUG org.apache.poi.openxml4j.opc.ZipPackage - Save part 'docProps/core.xml'
2023-11-20 10:37:01.004 [main] DEBUG org.apache.poi.openxml4j.opc.ZipPackage - Save part 'xl/sharedStrings.xml'
2023-11-20 10:37:01.004 [main] DEBUG org.apache.poi.openxml4j.opc.ZipPackage - Save part 'xl/styles.xml'
2023-11-20 10:37:01.006 [main] DEBUG org.apache.poi.openxml4j.opc.ZipPackage - Save part 'xl/theme/theme1.xml'
2023-11-20 10:37:01.006 [main] DEBUG org.apache.poi.openxml4j.opc.ZipPackage - Save part 'xl/workbook.xml'
2023-11-20 10:37:01.007 [main] DEBUG org.apache.poi.openxml4j.opc.ZipPackage - Save part 'xl/worksheets/sheet1.xml'
2023-11-20 10:37:01.013 [main] DEBUG org.apache.poi.openxml4j.opc.ZipPackage - Save content types part
2023-11-20 10:37:01.014 [main] DEBUG org.apache.poi.openxml4j.opc.ZipPackage - Save package relationships
2023-11-20 10:37:01.015 [main] DEBUG org.apache.poi.openxml4j.opc.ZipPackage - Save part 'docProps/app.xml'
2023-11-20 10:37:01.015 [main] DEBUG org.apache.poi.openxml4j.opc.ZipPackage - Save part 'docProps/core.xml'
2023-11-20 10:37:01.016 [main] DEBUG org.apache.poi.openxml4j.opc.ZipPackage - Save part 'xl/sharedStrings.xml'
2023-11-20 10:37:01.016 [main] DEBUG org.apache.poi.openxml4j.opc.ZipPackage - Save part 'xl/styles.xml'
2023-11-20 10:37:01.016 [main] DEBUG org.apache.poi.openxml4j.opc.ZipPackage - Save part 'xl/theme/theme1.xml'
2023-11-20 10:37:01.017 [main] DEBUG org.apache.poi.openxml4j.opc.ZipPackage - Save part 'xl/workbook.xml'
2023-11-20 10:37:01.018 [main] DEBUG org.apache.poi.openxml4j.opc.ZipPackage - Save part 'xl/worksheets/sheet1.xml'
2023-11-20 10:37:01.018 [main] INFO  wo.external.Main - Convert Ip address to location: Finish!
2023-11-20 10:39:28.006 [main] INFO  wo.external.Main - Convert Ip address to location: Start!
2023-11-20 10:39:28.008 [main] INFO  wo.external.Main - Convert Ip address to location: Input file = D:/Java/IP_LIST.xlsx
2023-11-20 10:39:28.009 [main] INFO  wo.external.Main - Convert Ip address to location: Output file = D:/Java/output.xlsx
2023-11-20 10:39:28.009 [main] INFO  wo.external.Main - Convert Ip address to location: Start reading file: D:/Java/IP_LIST.xlsx
2023-11-20 10:39:28.084 [main] DEBUG org.apache.poi.openxml4j.opc.PackageRelationshipCollection - Parsing relationship: /xl/_rels/workbook.xml.rels
2023-11-20 10:39:28.086 [main] DEBUG org.apache.poi.openxml4j.opc.PackageRelationshipCollection - Parsing relationship: /_rels/.rels
2023-11-20 10:39:33.102 [main] INFO  wo.external.Main - Convert Ip address to location: Start writing to file: D:/Java/output.xlsx
2023-11-20 10:39:33.130 [main] DEBUG org.apache.poi.openxml4j.opc.ZipPackage - Save content types part
2023-11-20 10:39:33.151 [main] DEBUG org.apache.poi.openxml4j.opc.ZipPackage - Save package relationships
2023-11-20 10:39:33.153 [main] DEBUG org.apache.poi.openxml4j.opc.ZipPackage - Save part 'docProps/app.xml'
2023-11-20 10:39:33.155 [main] DEBUG org.apache.poi.openxml4j.opc.ZipPackage - Save part 'docProps/core.xml'
2023-11-20 10:39:33.156 [main] DEBUG org.apache.poi.openxml4j.opc.ZipPackage - Save part 'xl/sharedStrings.xml'
2023-11-20 10:39:33.156 [main] DEBUG org.apache.poi.openxml4j.opc.ZipPackage - Save part 'xl/styles.xml'
2023-11-20 10:39:33.157 [main] DEBUG org.apache.poi.openxml4j.opc.ZipPackage - Save part 'xl/theme/theme1.xml'
2023-11-20 10:39:33.157 [main] DEBUG org.apache.poi.openxml4j.opc.ZipPackage - Save part 'xl/workbook.xml'
2023-11-20 10:39:33.158 [main] DEBUG org.apache.poi.openxml4j.opc.ZipPackage - Save part 'xl/worksheets/sheet1.xml'
2023-11-20 10:39:33.163 [main] DEBUG org.apache.poi.openxml4j.opc.ZipPackage - Save content types part
2023-11-20 10:39:33.164 [main] DEBUG org.apache.poi.openxml4j.opc.ZipPackage - Save package relationships
2023-11-20 10:39:33.164 [main] DEBUG org.apache.poi.openxml4j.opc.ZipPackage - Save part 'docProps/app.xml'
2023-11-20 10:39:33.175 [main] DEBUG org.apache.poi.openxml4j.opc.ZipPackage - Save part 'docProps/core.xml'
2023-11-20 10:39:33.176 [main] DEBUG org.apache.poi.openxml4j.opc.ZipPackage - Save part 'xl/sharedStrings.xml'
2023-11-20 10:39:33.176 [main] DEBUG org.apache.poi.openxml4j.opc.ZipPackage - Save part 'xl/styles.xml'
2023-11-20 10:39:33.177 [main] DEBUG org.apache.poi.openxml4j.opc.ZipPackage - Save part 'xl/theme/theme1.xml'
2023-11-20 10:39:33.178 [main] DEBUG org.apache.poi.openxml4j.opc.ZipPackage - Save part 'xl/workbook.xml'
2023-11-20 10:39:33.179 [main] DEBUG org.apache.poi.openxml4j.opc.ZipPackage - Save part 'xl/worksheets/sheet1.xml'
2023-11-20 10:39:33.180 [main] INFO  wo.external.Main - Convert Ip address to location: Finish!
