2023-11-15 15:01:30.953 [main] INFO  wo.external.Main - Convert Ip address to location: Start!
2023-11-15 15:01:30.955 [main] DEBUG wo.external.Main - Convert Ip address to location: Start!
2023-11-15 15:01:30.955 [main] ERROR wo.external.Main - Convert Ip address to location: Start!
2023-11-15 15:01:30.956 [main] INFO  wo.external.Main - Convert Ip address to location: Input file = D:/Java/IP_LIST.xlsx
2023-11-15 15:01:30.956 [main] INFO  wo.external.Main - Convert Ip address to location: Output file = D:/Java/output.xlsx
2023-11-15 15:01:30.956 [main] INFO  wo.external.Main - Convert Ip address to location: Start reading file: D:/Java/IP_LIST.xlsx
2023-11-15 15:01:31.052 [main] DEBUG org.apache.poi.openxml4j.opc.PackageRelationshipCollection - Parsing relationship: /xl/_rels/workbook.xml.rels
2023-11-15 15:01:31.054 [main] DEBUG org.apache.poi.openxml4j.opc.PackageRelationshipCollection - Parsing relationship: /_rels/.rels
2023-11-15 15:01:35.799 [main] INFO  wo.external.Main - Convert Ip address to location: Start writing to file: D:/Java/output.xlsx
2023-11-15 15:01:35.845 [main] DEBUG org.apache.poi.openxml4j.opc.ZipPackage - Save content types part
2023-11-15 15:01:35.881 [main] DEBUG org.apache.poi.openxml4j.opc.ZipPackage - Save package relationships
2023-11-15 15:01:35.884 [main] DEBUG org.apache.poi.openxml4j.opc.ZipPackage - Save part 'docProps/app.xml'
2023-11-15 15:01:35.885 [main] DEBUG org.apache.poi.openxml4j.opc.ZipPackage - Save part 'docProps/core.xml'
2023-11-15 15:01:35.886 [main] DEBUG org.apache.poi.openxml4j.opc.ZipPackage - Save part 'xl/sharedStrings.xml'
2023-11-15 15:01:35.886 [main] DEBUG org.apache.poi.openxml4j.opc.ZipPackage - Save part 'xl/styles.xml'
2023-11-15 15:01:35.886 [main] DEBUG org.apache.poi.openxml4j.opc.ZipPackage - Save part 'xl/theme/theme1.xml'
2023-11-15 15:01:35.887 [main] DEBUG org.apache.poi.openxml4j.opc.ZipPackage - Save part 'xl/workbook.xml'
2023-11-15 15:01:35.888 [main] DEBUG org.apache.poi.openxml4j.opc.ZipPackage - Save part 'xl/worksheets/sheet1.xml'
2023-11-15 15:01:35.893 [main] DEBUG org.apache.poi.openxml4j.opc.ZipPackage - Save content types part
2023-11-15 15:01:35.894 [main] DEBUG org.apache.poi.openxml4j.opc.ZipPackage - Save package relationships
2023-11-15 15:01:35.894 [main] DEBUG org.apache.poi.openxml4j.opc.ZipPackage - Save part 'docProps/app.xml'
2023-11-15 15:01:35.895 [main] DEBUG org.apache.poi.openxml4j.opc.ZipPackage - Save part 'docProps/core.xml'
2023-11-15 15:01:35.897 [main] DEBUG org.apache.poi.openxml4j.opc.ZipPackage - Save part 'xl/sharedStrings.xml'
2023-11-15 15:01:35.897 [main] DEBUG org.apache.poi.openxml4j.opc.ZipPackage - Save part 'xl/styles.xml'
2023-11-15 15:01:35.897 [main] DEBUG org.apache.poi.openxml4j.opc.ZipPackage - Save part 'xl/theme/theme1.xml'
2023-11-15 15:01:35.897 [main] DEBUG org.apache.poi.openxml4j.opc.ZipPackage - Save part 'xl/workbook.xml'
2023-11-15 15:01:35.898 [main] DEBUG org.apache.poi.openxml4j.opc.ZipPackage - Save part 'xl/worksheets/sheet1.xml'
2023-11-15 15:01:35.899 [main] INFO  wo.external.Main - Convert Ip address to location: Finish!
